<?xml version="1.0" encoding="UTF-8"?>
<!-- Generated by org.testng.reporters.JUnitReportReporter -->
<testsuite hostname="Asus_KJP" failures="0" tests="1" name="SwagLabs.LoginPageTest" time="0.704" errors="0" timestamp="2024-11-08T00:28:14 PST" skipped="0">
  <testcase classname="SwagLabs.LoginPageTest" name="LoginPage" time="0.704"/>
</testsuite> <!-- SwagLabs.LoginPageTest -->
