<?xml version="1.0" encoding="UTF-8"?>
<!-- Generated by org.testng.reporters.JUnitReportReporter -->
<testsuite hostname="Asus_KJP" failures="0" tests="1" name="SwagLabs.OrderingProducts" time="3.268" errors="0" timestamp="2024-11-08T00:27:39 PST" skipped="0">
  <testcase classname="SwagLabs.OrderingProducts" name="orderProduct" time="3.268"/>
</testsuite> <!-- SwagLabs.OrderingProducts -->
